# 4000 data points
# index number
0 115
1 0
2 149
3 547
4 831
5 833
6 926
7 1524
8 1816
9 2013
10 2248
11 2296
12 2508
13 2591
14 2760
15 2804
16 2998
17 3105
18 3562
19 3744
20 3941
21 4361
22 4429
23 4487
24 4831
25 4888
26 4942
27 5432
28 5868
29 6089
30 6097
31 6111
32 6556
33 6575
34 6711
35 6926
36 7100
37 7378
38 7400
39 7707
40 7819
41 8015
42 8025
43 8027
44 8106
45 8393
46 8410
47 8571
48 9256
49 9304
50 9581
51 9800
52 9824
53 9998
54 10578
55 12014
56 12714
57 13355
58 13385
59 13798
60 14170
61 14290
62 14598
63 14723
64 14725
65 15570
66 15824
67 15848
68 15871
69 16125
70 16231
71 17447
72 17877
73 18047
74 18191
75 18738
76 18746
77 18801
78 19000
79 19077
80 19445
81 21061
82 21402
83 21418
84 22111
85 22157
86 22287
87 22378
88 22744
89 22812
90 23068
91 23715
92 23856
93 24162
94 24214
95 24271
96 24304
97 24637
98 24724
99 24766
100 24921
101 25334
102 25784
103 25917
104 26208
105 26211
106 26801
107 27852
108 27907
109 28219
110 28800
111 28809
112 29027
113 29143
114 29475
115 29566
116 29704
117 29787
118 29882
119 29926
120 30319
121 30375
122 30448
123 30514
124 30749
125 30789
126 30920
127 30928
128 31379
129 31428
130 31556
131 31682
132 31703
133 31730
134 31790
135 31967
136 32019
137 32043
138 32046
139 32782
140 32800
141 32966
142 32978
143 33041
144 33468
145 33669
146 33890
147 34264
148 34471
149 34672
150 34724
151 34873
152 34888
153 35083
154 35735
155 36376
156 36418
157 36932
158 37033
159 37151
160 37447
161 37649
162 37866
163 38028
164 38111
165 38245
166 38426
167 38801
168 38882
169 39090
170 39648
171 40295
172 40388
173 40414
174 40504
175 40784
176 40905
177 41209
178 41444
179 41514
180 41618
181 42052
182 42310
183 42337
184 42779
185 42896
186 42974
187 43003
188 43083
189 43570
190 43978
191 44777
192 45227
193 45621
194 45649
195 46512
196 46515
197 46970
198 47027
199 47144
200 47222
201 47393
202 47599
203 47739
204 48063
205 48264
206 48327
207 48363
208 48404
209 48609
210 48705
211 48738
212 48886
213 48969
214 49251
215 49611
216 49924
217 50034
218 50129
219 50138
220 50444
221 50672
222 51019
223 51210
224 51318
225 52026
226 52459
227 53017
228 53415
229 53690
230 54580
231 54620
232 54688
233 55211
234 55242
235 55412
236 55540
237 55624
238 56202
239 56446
240 56527
241 57030
242 57114
243 57356
244 57360
245 57426
246 57711
247 57802
248 58128
249 58485
250 58634
251 58657
252 58800
253 59333
254 60425
255 60431
256 61073
257 61512
258 62210
259 62313
260 62639
261 62656
262 62763
263 62834
264 62933
265 63068
266 63499
267 63734
268 63753
269 63835
270 64323
271 64460
272 65208
273 65223
274 65344
275 65610
276 65659
277 65689
278 65715
279 65731
280 65740
281 65869
282 66212
283 66573
284 66616
285 67092
286 67807
287 68058
288 68496
289 68717
290 68747
291 69254
292 69319
293 69379
294 69463
295 69518
296 69610
297 69717
298 69780
299 69856
300 70064
301 70115
302 70138
303 70458
304 71241
305 71282
306 71524
307 71704
308 73077
309 73110
310 73232
311 73320
312 73340
313 73555
314 74860
315 75092
316 75251
317 75501
318 76064
319 76329
320 76564
321 76799
322 77265
323 77536
324 78164
325 78511
326 79170
327 79748
328 80170
329 80287
330 80665
331 81085
332 81662
333 81802
334 81864
335 81900
336 81981
337 82449
338 82509
339 82977
340 83008
341 83575
342 83638
343 84106
344 84285
345 84408
346 84646
347 84983
348 85037
349 85194
350 85318
351 85327
352 85351
353 85462
354 85548
355 85548
356 85945
357 86211
358 86897
359 86993
360 87275
361 87729
362 87873
363 88026
364 88036
365 88154
366 88273
367 88307
368 88421
369 88564
370 88583
371 88612
372 88644
373 88686
374 91274
375 91363
376 91555
377 91592
378 91615
379 91819
380 91881
381 91954
382 91962
383 92321
384 92436
385 92467
386 92528
387 92907
388 93203
389 93237
390 93653
391 93695
392 93712
393 93805
394 94061
395 94204
396 94340
397 94594
398 94615
399 94618
400 94723
401 94892
402 94976
403 95437
404 95532
405 95966
406 96117
407 96527
408 96865
409 97864
410 97972
411 98851
412 99190
413 99339
414 99616
415 99863
416 99867
417 100178
418 100305
419 100436
420 100526
421 100910
422 101046
423 101353
424 101681
425 101956
426 102347
427 102519
428 102604
429 102615
430 102648
431 102812
432 102878
433 103007
434 103778
435 104364
436 104419
437 104683
438 104747
439 104955
440 105166
441 105684
442 105691
443 106315
444 106623
445 106869
446 106970
447 107469
448 108138
449 108741
450 108743
451 109938
452 110053
453 110299
454 110310
455 110413
456 110521
457 110787
458 110936
459 110963
460 111219
461 111473
462 111557
463 111672
464 111857
465 112121
466 112326
467 112405
468 112425
469 112838
470 113589
471 113883
472 114051
473 114458
474 114523
475 114658
476 114868
477 114975
478 115133
479 115964
480 116028
481 116094
482 116328
483 117200
484 117574
485 117671
486 117979
487 118155
488 118557
489 118708
490 118765
491 118833
492 118919
493 118956
494 118968
495 119228
496 119452
497 119565
498 119899
499 120088
500 120392
501 120725
502 120879
503 121046
504 121814
505 122223
506 122292
507 122448
508 122496
509 122562
510 122613
511 122723
512 122770
513 123010
514 123081
515 123623
516 123876
517 124050
518 124690
519 124714
520 124866
521 125315
522 125495
523 125635
524 125970
525 126665
526 126900
527 127143
528 127351
529 127611
530 127875
531 128006
532 128255
533 128369
534 128465
535 128651
536 129131
537 129239
538 129332
539 129439
540 129510
541 129536
542 129949
543 130423
544 130856
545 131730
546 131845
547 132052
548 132208
549 132235
550 132550
551 132620
552 132831
553 133106
554 133667
555 133722
556 134148
557 134216
558 134252
559 134274
560 134596
561 134617
562 134888
563 135498
564 135815
565 136070
566 136839
567 136843
568 136906
569 136950
570 137179
571 137527
572 138470
573 138516
574 138534
575 138802
576 138830
577 138944
578 139054
579 139068
580 139074
581 139303
582 139457
583 139711
584 139994
585 140507
586 140520
587 140603
588 140949
589 141002
590 141120
591 141567
592 142278
593 142678
594 142924
595 143097
596 143201
597 143281
598 143284
599 143540
600 143556
601 143770
602 143813
603 143889
604 143917
605 144135
606 144581
607 144874
608 144915
609 144992
610 145666
611 146037
612 146959
613 147125
614 147181
615 147303
616 147524
617 147609
618 147654
619 148077
620 148095
621 148670
622 149051
623 149102
624 149445
625 149760
626 149876
627 149947
628 150149
629 150477
630 150718
631 151103
632 151120
633 151221
634 151348
635 151451
636 151545
637 152152
638 152213
639 152216
640 152599
641 152776
642 152790
643 152890
644 152967
645 153106
646 153322
647 153808
648 153936
649 154521
650 154528
651 155045
652 155053
653 155192
654 155214
655 155501
656 155702
657 155727
658 156054
659 156247
660 156278
661 156354
662 156499
663 156515
664 156673
665 156861
666 156875
667 156881
668 156927
669 157175
670 157307
671 157396
672 157530
673 157622
674 158262
675 158362
676 158465
677 158774
678 159163
679 159565
680 159883
681 159984
682 161314
683 161447
684 161480
685 161960
686 162062
687 162261
688 162297
689 162597
690 162715
691 162818
692 162834
693 162962
694 163117
695 163247
696 163345
697 163795
698 164149
699 164461
700 164596
701 164782
702 164798
703 165068
704 165327
705 165582
706 166567
707 166587
708 167040
709 167246
710 167346
711 167351
712 169872
713 169926
714 169957
715 169968
716 170140
717 170146
718 170192
719 170236
720 170264
721 170346
722 170381
723 170580
724 171036
725 171256
726 171598
727 171620
728 171701
729 171805
730 171915
731 172063
732 172452
733 172461
734 172904
735 173360
736 173822
737 174284
738 174420
739 174943
740 175033
741 175506
742 175764
743 175828
744 175877
745 176028
746 176310
747 176462
748 176473
749 176769
750 176974
751 177181
752 177377
753 177580
754 177604
755 177841
756 178479
757 178644
758 178823
759 178973
760 179269
761 179475
762 179711
763 180306
764 180456
765 180772
766 180988
767 182432
768 182465
769 182563
770 182980
771 183303
772 183849
773 183981
774 184210
775 184709
776 184784
777 184869
778 184884
779 184996
780 185409
781 185521
782 185782
783 186010
784 186194
785 186266
786 186707
787 186764
788 186945
789 187113
790 187439
791 187520
792 187902
793 187930
794 188061
795 188112
796 188527
797 188911
798 188986
799 190186
800 190278
801 190386
802 190634
803 190742
804 191132
805 191185
806 191506
807 191574
808 191657
809 191747
810 191835
811 191921
812 192059
813 193270
814 193676
815 194448
816 194456
817 194637
818 194734
819 195100
820 195123
821 195137
822 195140
823 195243
824 195649
825 195914
826 197059
827 197106
828 197260
829 197286
830 197466
831 197699
832 197978
833 198220
834 198470
835 198787
836 198835
837 199387
838 199458
839 199648
840 199671
841 199788
842 200286
843 200443
844 200475
845 200626
846 201025
847 202062
848 202323
849 202658
850 202862
851 203670
852 203799
853 204464
854 204653
855 204668
856 204962
857 205439
858 205806
859 206000
860 207098
861 207178
862 207231
863 208049
864 208177
865 208932
866 209387
867 209985
868 210079
869 210215
870 210384
871 210557
872 210647
873 211137
874 211249
875 211341
876 211644
877 211645
878 211827
879 213942
880 214110
881 214368
882 214571
883 214634
884 214669
885 214709
886 214930
887 215302
888 215505
889 216564
890 216629
891 216845
892 217172
893 217241
894 217566
895 217759
896 218002
897 218514
898 218608
899 219697
900 219905
901 220371
902 220411
903 220810
904 221263
905 221352
906 221564
907 221777
908 222132
909 222339
910 222499
911 223087
912 223201
913 223792
914 224129
915 224210
916 224505
917 225011
918 225015
919 225033
920 225346
921 225351
922 225450
923 226209
924 226332
925 226713
926 226722
927 226964
928 227102
929 227332
930 227419
931 227541
932 227655
933 228223
934 228372
935 228387
936 228403
937 228978
938 229488
939 229876
940 230069
941 230104
942 230126
943 230236
944 230654
945 231314
946 231524
947 231701
948 231985
949 232445
950 232456
951 232630
952 233026
953 233082
954 233399
955 233661
956 234078
957 234356
958 234580
959 234983
960 235225
961 235280
962 235373
963 235614
964 235736
965 236471
966 236532
967 236770
968 236974
969 237473
970 237698
971 237835
972 238453
973 238586
974 238959
975 239473
976 239602
977 239677
978 239895
979 239981
980 240024
981 240283
982 240334
983 240751
984 241416
985 241496
986 241862
987 242218
988 242274
989 242658
990 242893
991 242929
992 243110
993 243112
994 243517
995 243750
996 243821
997 243828
998 244408
999 244449
1000 244597
1001 244637
1002 244718
1003 244884
1004 244906
1005 245033
1006 245258
1007 245377
1008 245533
1009 245689
1010 246314
1011 246431
1012 246655
1013 246939
1014 246981
1015 247016
1016 247274
1017 247440
1018 247474
1019 247481
1020 247618
1021 247641
1022 247653
1023 247729
1024 248086
1025 248528
1026 248730
1027 248802
1028 248846
1029 249255
1030 250231
1031 251013
1032 251654
1033 251654
1034 251790
1035 251925
1036 252843
1037 253077
1038 253511
1039 253704
1040 253800
1041 253871
1042 254215
1043 254306
1044 254547
1045 254899
1046 254946
1047 255157
1048 255742
1049 255757
1050 256003
1051 256076
1052 256609
1053 257188
1054 257240
1055 257992
1056 258163
1057 258284
1058 258405
1059 258954
1060 259029
1061 259052
1062 259180
1063 259378
1064 259413
1065 259710
1066 259714
1067 260661
1068 261180
1069 261295
1070 261397
1071 261446
1072 261485
1073 261608
1074 261968
1075 262267
1076 262369
1077 262415
1078 262800
1079 262836
1080 262920
1081 263301
1082 263931
1083 264230
1084 264417
1085 264966
1086 265272
1087 265316
1088 265318
1089 265776
1090 265861
1091 266327
1092 266535
1093 266719
1094 266754
1095 267011
1096 267761
1097 267763
1098 268067
1099 268510
1100 268559
1101 268600
1102 268624
1103 268685
1104 268700
1105 269242
1106 269902
1107 270187
1108 270277
1109 271013
1110 271232
1111 271882
1112 272148
1113 272489
1114 272650
1115 273340
1116 273819
1117 273829
1118 274027
1119 274442
1120 274744
1121 274791
1122 274820
1123 274942
1124 275269
1125 275323
1126 275376
1127 275884
1128 276109
1129 276132
1130 276171
1131 276356
1132 276538
1133 276813
1134 277279
1135 277348
1136 277641
1137 277806
1138 278375
1139 278560
1140 278788
1141 278949
1142 279093
1143 279445
1144 279693
1145 280051
1146 280298
1147 280612
1148 280880
1149 281315
1150 281328
1151 281353
1152 281432
1153 281550
1154 282050
1155 282554
1156 282853
1157 283282
1158 283335
1159 283627
1160 283697
1161 284078
1162 284534
1163 284564
1164 285026
1165 285261
1166 285366
1167 285918
1168 286208
1169 286649
1170 286987
1171 287093
1172 287926
1173 288528
1174 288991
1175 289067
1176 289473
1177 289567
1178 289614
1179 289663
1180 289956
1181 290076
1182 290161
1183 290233
1184 290373
1185 290518
1186 290743
1187 290842
1188 291157
1189 291376
1190 291709
1191 292023
1192 292251
1193 292288
1194 292361
1195 292404
1196 292754
1197 292927
1198 294002
1199 294099
1200 294447
1201 294629
1202 294752
1203 294789
1204 295074
1205 295343
1206 296018
1207 296063
1208 296423
1209 296553
1210 296628
1211 297195
1212 297374
1213 297435
1214 297726
1215 297910
1216 298143
1217 298833
1218 298839
1219 299195
1220 299322
1221 299381
1222 299600
1223 299617
1224 299631
1225 299747
1226 300130
1227 300192
1228 300397
1229 300739
1230 300955
1231 301217
1232 301546
1233 301820
1234 301892
1235 301962
1236 301986
1237 302206
1238 302336
1239 302365
1240 302493
1241 302887
1242 303241
1243 303322
1244 304168
1245 304208
1246 304268
1247 304940
1248 305246
1249 305597
1250 305676
1251 307499
1252 308239
1253 308738
1254 308920
1255 308964
1256 309173
1257 309222
1258 309284
1259 309444
1260 310078
1261 310882
1262 311174
1263 311264
1264 311580
1265 311699
1266 312189
1267 312269
1268 312275
1269 312343
1270 312597
1271 312913
1272 313196
1273 313451
1274 313493
1275 313867
1276 313992
1277 314037
1278 314873
1279 315079
1280 315612
1281 315783
1282 316162
1283 316570
1284 317842
1285 317901
1286 318090
1287 318101
1288 318248
1289 318525
1290 318566
1291 318754
1292 319176
1293 319310
1294 319359
1295 319434
1296 319946
1297 320429
1298 320507
1299 320657
1300 320986
1301 321184
1302 321329
1303 321502
1304 321649
1305 321804
1306 321826
1307 322028
1308 322278
1309 322649
1310 322795
1311 322823
1312 323804
1313 323851
1314 323997
1315 324230
1316 324271
1317 324706
1318 324917
1319 325292
1320 325439
1321 325589
1322 325640
1323 325659
1324 325904
1325 326062
1326 326576
1327 326925
1328 327051
1329 327054
1330 327332
1331 327352
1332 327538
1333 327598
1334 327867
1335 328036
1336 328071
1337 328109
1338 328239
1339 328372
1340 328399
1341 328447
1342 328464
1343 328809
1344 329582
1345 329712
1346 329825
1347 329995
1348 330176
1349 330416
1350 330505
1351 331077
1352 331084
1353 331088
1354 331554
1355 331604
1356 331677
1357 331986
1358 332086
1359 332139
1360 332827
1361 332838
1362 332915
1363 333078
1364 333374
1365 333692
1366 333961
1367 334090
1368 334691
1369 334901
1370 334926
1371 334955
1372 335032
1373 335358
1374 335677
1375 336834
1376 336895
1377 337049
1378 337483
1379 337505
1380 337517
1381 337761
1382 338062
1383 338265
1384 338288
1385 338479
1386 338582
1387 338687
1388 338730
1389 338763
1390 338841
1391 339638
1392 339671
1393 339875
1394 339942
1395 339969
1396 340140
1397 340343
1398 340347
1399 341072
1400 341240
1401 341624
1402 341922
1403 342110
1404 342518
1405 342670
1406 342847
1407 343100
1408 343289
1409 343444
1410 343719
1411 343834
1412 344661
1413 344966
1414 344997
1415 345596
1416 345599
1417 345770
1418 345780
1419 346064
1420 346329
1421 346394
1422 346767
1423 346862
1424 346972
1425 347062
1426 347203
1427 347213
1428 347331
1429 347517
1430 347525
1431 347814
1432 348023
1433 348531
1434 348606
1435 348732
1436 349151
1437 349269
1438 349282
1439 349782
1440 349988
1441 349992
1442 350101
1443 350270
1444 350431
1445 350795
1446 350831
1447 350835
1448 351372
1449 351616
1450 351744
1451 352387
1452 353071
1453 353089
1454 353192
1455 353201
1456 353511
1457 353921
1458 354018
1459 354096
1460 354175
1461 354188
1462 354300
1463 354724
1464 354788
1465 354877
1466 354924
1467 354973
1468 355502
1469 355531
1470 355750
1471 355840
1472 355873
1473 356335
1474 356442
1475 356463
1476 357031
1477 357034
1478 357470
1479 357666
1480 357677
1481 358317
1482 358450
1483 358738
1484 358748
1485 359037
1486 359148
1487 359166
1488 359214
1489 359220
1490 359625
1491 360112
1492 360192
1493 360204
1494 361048
1495 361281
1496 361379
1497 361529
1498 361703
1499 361883
1500 362019
1501 362178
1502 362517
1503 362597
1504 362610
1505 362619
1506 362809
1507 362898
1508 362935
1509 363026
1510 363091
1511 363564
1512 363728
1513 363772
1514 363804
1515 364523
1516 364699
1517 364757
1518 364785
1519 364934
1520 365161
1521 365233
1522 365286
1523 365908
1524 366241
1525 366316
1526 366335
1527 366382
1528 367121
1529 367175
1530 367802
1531 367807
1532 367857
1533 368658
1534 368914
1535 369060
1536 369172
1537 369287
1538 369909
1539 370074
1540 370412
1541 370469
1542 371180
1543 371264
1544 371280
1545 371376
1546 371516
1547 371684
1548 371761
1549 371841
1550 371884
1551 372228
1552 372756
1553 373023
1554 373252
1555 373352
1556 373428
1557 373495
1558 373827
1559 373936
1560 374066
1561 374829
1562 375256
1563 375335
1564 375357
1565 375390
1566 376378
1567 376609
1568 376674
1569 377434
1570 377627
1571 377810
1572 377840
1573 378137
1574 378531
1575 378645
1576 378724
1577 379122
1578 379166
1579 379633
1580 379960
1581 380451
1582 380634
1583 381133
1584 381459
1585 381706
1586 381867
1587 382299
1588 382952
1589 382961
1590 383038
1591 383159
1592 383248
1593 384155
1594 384883
1595 385200
1596 385309
1597 385728
1598 386019
1599 386212
1600 386224
1601 386280
1602 386431
1603 386667
1604 386734
1605 387161
1606 387400
1607 387402
1608 387511
1609 387581
1610 387611
1611 387795
1612 388020
1613 388030
1614 388242
1615 388886
1616 389174
1617 389175
1618 389386
1619 389636
1620 389874
1621 390696
1622 391199
1623 391696
1624 392199
1625 392874
1626 393206
1627 393430
1628 394244
1629 395044
1630 395102
1631 395307
1632 395335
1633 395727
1634 396237
1635 396300
1636 396548
1637 396716
1638 396829
1639 397175
1640 397189
1641 399022
1642 399252
1643 399312
1644 399750
1645 400007
1646 400139
1647 400219
1648 400338
1649 400900
1650 401036
1651 402206
1652 402218
1653 402700
1654 402963
1655 403239
1656 403403
1657 403503
1658 403549
1659 404300
1660 404308
1661 404836
1662 405101
1663 405232
1664 405872
1665 406223
1666 406246
1667 406710
1668 407771
1669 408004
1670 408836
1671 408853
1672 408909
1673 409796
1674 409967
1675 410067
1676 410384
1677 410851
1678 411363
1679 411685
1680 411744
1681 411756
1682 411840
1683 411903
1684 412403
1685 412494
1686 412498
1687 412594
1688 413066
1689 413142
1690 413332
1691 413354
1692 414229
1693 414336
1694 414405
1695 414862
1696 415716
1697 415766
1698 416185
1699 416503
1700 416686
1701 416780
1702 416878
1703 417079
1704 417173
1705 417429
1706 417637
1707 417670
1708 417712
1709 417798
1710 418020
1711 418041
1712 418335
1713 418864
1714 419232
1715 419259
1716 419413
1717 419663
1718 420305
1719 420531
1720 420753
1721 420790
1722 421513
1723 422040
1724 422481
1725 422722
1726 422764
1727 422946
1728 423148
1729 423286
1730 423693
1731 424387
1732 424461
1733 424708
1734 425152
1735 425275
1736 425393
1737 425827
1738 426050
1739 426073
1740 426386
1741 427157
1742 427374
1743 427419
1744 427510
1745 427637
1746 427690
1747 427917
1748 428023
1749 428136
1750 428229
1751 428639
1752 429661
1753 429881
1754 430019
1755 430164
1756 430437
1757 431042
1758 431167
1759 431231
1760 431633
1761 431722
1762 431910
1763 432147
1764 432376
1765 432710
1766 433227
1767 433228
1768 433233
1769 433438
1770 433540
1771 434043
1772 434178
1773 434394
1774 434494
1775 434560
1776 435023
1777 435433
1778 436011
1779 436097
1780 436189
1781 436368
1782 436437
1783 437025
1784 437865
1785 437906
1786 438144
1787 438225
1788 438387
1789 438522
1790 438554
1791 438570
1792 438641
1793 438678
1794 438755
1795 438960
1796 438972
1797 440249
1798 440583
1799 440669
1800 440782
1801 440913
1802 441029
1803 441251
1804 441608
1805 441864
1806 442138
1807 442170
1808 442334
1809 443101
1810 443105
1811 443228
1812 443716
1813 444050
1814 444257
1815 444353
1816 444408
1817 444640
1818 444748
1819 444786
1820 444906
1821 444960
1822 445197
1823 445252
1824 445265
1825 445321
1826 445327
1827 445444
1828 445692
1829 445714
1830 445927
1831 446137
1832 446181
1833 446184
1834 446391
1835 446459
1836 446461
1837 446791
1838 446965
1839 447203
1840 447442
1841 447445
1842 447690
1843 447923
1844 447939
1845 448135
1846 448557
1847 448879
1848 449112
1849 449245
1850 449336
1851 449436
1852 449615
1853 449843
1854 450155
1855 450214
1856 450246
1857 450436
1858 450993
1859 451323
1860 451672
1861 451715
1862 451843
1863 451867
1864 452267
1865 452477
1866 452490
1867 452842
1868 452918
1869 453110
1870 453990
1871 454693
1872 456250
1873 456457
1874 456823
1875 457268
1876 457699
1877 457996
1878 458338
1879 460072
1880 460297
1881 460579
1882 461242
1883 461782
1884 461844
1885 462140
1886 462777
1887 463156
1888 463311
1889 463402
1890 463432
1891 463499
1892 463667
1893 463927
1894 464297
1895 464311
1896 464358
1897 465171
1898 465603
1899 465636
1900 465705
1901 465880
1902 466120
1903 466578
1904 467179
1905 467328
1906 467523
1907 468221
1908 468293
1909 468788
1910 468791
1911 468993
1912 469245
1913 469304
1914 469377
1915 469496
1916 469786
1917 469799
1918 470212
1919 470478
1920 470625
1921 470953
1922 470993
1923 471315
1924 471843
1925 472110
1926 472300
1927 472535
1928 473614
1929 473695
1930 474081
1931 474093
1932 474100
1933 474132
1934 474398
1935 474422
1936 475159
1937 475182
1938 475403
1939 475577
1940 475597
1941 475822
1942 475826
1943 476101
1944 476107
1945 476184
1946 476256
1947 476270
1948 476481
1949 476731
1950 477120
1951 477514
1952 478070
1953 478421
1954 478651
1955 479143
1956 479156
1957 479615
1958 480004
1959 480034
1960 480320
1961 480585
1962 480838
1963 480914
1964 481136
1965 481154
1966 481464
1967 481975
1968 482237
1969 482259
1970 482467
1971 482541
1972 482877
1973 482901
1974 483071
1975 483094
1976 483358
1977 483730
1978 483912
1979 484022
1980 484026
1981 484192
1982 485327
1983 486079
1984 486443
1985 486446
1986 487291
1987 487344
1988 487356
1989 487434
1990 487514
1991 488383
1992 488711
1993 488815
1994 488992
1995 489366
1996 489381
1997 489592
1998 489634
1999 489655
2000 489902
2001 490263
2002 490476
2003 490525
2004 490660
2005 490676
2006 490815
2007 490860
2008 491280
2009 491295
2010 491445
2011 491848
2012 491890
2013 492103
2014 492353
2015 492857
2016 492998
2017 493105
2018 493316
2019 493320
2020 493481
2021 493550
2022 493750
2023 494204
2024 494423
2025 494773
2026 495508
2027 496144
2028 496803
2029 497015
2030 497077
2031 497447
2032 497482
2033 497749
2034 497800
2035 498139
2036 498199
2037 498222
2038 498235
2039 498290
2040 498365
2041 498454
2042 498751
2043 498752
2044 499041
2045 499593
2046 499907
2047 500020
2048 500100
2049 500264
2050 500525
2051 500585
2052 501052
2053 501124
2054 501813
2055 502035
2056 502038
2057 502812
2058 502931
2059 503333
2060 503570
2061 503657
2062 503677
2063 504068
2064 504503
2065 505427
2066 505665
2067 506079
2068 506195
2069 506235
2070 506329
2071 506814
2072 506986
2073 507418
2074 507725
2075 507781
2076 507821
2077 507943
2078 508058
2079 508099
2080 508235
2081 508425
2082 508977
2083 509003
2084 509194
2085 509408
2086 509466
2087 509783
2088 510714
2089 511226
2090 511558
2091 511605
2092 512189
2093 512618
2094 512799
2095 513839
2096 513984
2097 514662
2098 515131
2099 515626
2100 515839
2101 515946
2102 516709
2103 516771
2104 516878
2105 516979
2106 517099
2107 517139
2108 517175
2109 517268
2110 517385
2111 517772
2112 517861
2113 517975
2114 518287
2115 519409
2116 519558
2117 519652
2118 521013
2119 521143
2120 521344
2121 521518
2122 521564
2123 521670
2124 522160
2125 522471
2126 522516
2127 522657
2128 522969
2129 523090
2130 523254
2131 523442
2132 523591
2133 523684
2134 523754
2135 523870
2136 524146
2137 524241
2138 524779
2139 525286
2140 525973
2141 526050
2142 526113
2143 526133
2144 526359
2145 526401
2146 526447
2147 526505
2148 526526
2149 526788
2150 526819
2151 527014
2152 528601
2153 528607
2154 528684
2155 528873
2156 529121
2157 529368
2158 529507
2159 529688
2160 529836
2161 530634
2162 530817
2163 530935
2164 531078
2165 531134
2166 531480
2167 531517
2168 531845
2169 532308
2170 533110
2171 533114
2172 534004
2173 534416
2174 534730
2175 534972
2176 534977
2177 535699
2178 535774
2179 536868
2180 536939
2181 536975
2182 536991
2183 537062
2184 537259
2185 537292
2186 537917
2187 538071
2188 538105
2189 538238
2190 538514
2191 538915
2192 539057
2193 539103
2194 539165
2195 539418
2196 539668
2197 540300
2198 540686
2199 541771
2200 541963
2201 542014
2202 542420
2203 542662
2204 543103
2205 543139
2206 543146
2207 543163
2208 543267
2209 543995
2210 543999
2211 544078
2212 544360
2213 544483
2214 544771
2215 544947
2216 545030
2217 545384
2218 545619
2219 545682
2220 545738
2221 545742
2222 545913
2223 546012
2224 546989
2225 547186
2226 547208
2227 547228
2228 547469
2229 547588
2230 548173
2231 548537
2232 548823
2233 548880
2234 549033
2235 549430
2236 549457
2237 549583
2238 549940
2239 550439
2240 550495
2241 550624
2242 550729
2243 550869
2244 551233
2245 551716
2246 551950
2247 552061
2248 552211
2249 553688
2250 554019
2251 554038
2252 554207
2253 554538
2254 554772
2255 556118
2256 556167
2257 556682
2258 556880
2259 557055
2260 557340
2261 557471
2262 558339
2263 558370
2264 558398
2265 558404
2266 558423
2267 558473
2268 558603
2269 558644
2270 558770
2271 558802
2272 559006
2273 559126
2274 559335
2275 559626
2276 559694
2277 559750
2278 559793
2279 560065
2280 560189
2281 560315
2282 560377
2283 561002
2284 561117
2285 561178
2286 561442
2287 561581
2288 561661
2289 561865
2290 561974
2291 562228
2292 562741
2293 562932
2294 563080
2295 563543
2296 564190
2297 564247
2298 564379
2299 564593
2300 564613
2301 564936
2302 565564
2303 565653
2304 565970
2305 566056
2306 566249
2307 567057
2308 567193
2309 567229
2310 567764
2311 567850
2312 568441
2313 568575
2314 568620
2315 568752
2316 568755
2317 568776
2318 568863
2319 569331
2320 569647
2321 569681
2322 569844
2323 570111
2324 570141
2325 570365
2326 570468
2327 570768
2328 570846
2329 570911
2330 571273
2331 571330
2332 571530
2333 571532
2334 571790
2335 571825
2336 572442
2337 572559
2338 572775
2339 572809
2340 573098
2341 573615
2342 573735
2343 574017
2344 574422
2345 575982
2346 576200
2347 576435
2348 576459
2349 576630
2350 576894
2351 576984
2352 577275
2353 577365
2354 577456
2355 577837
2356 578022
2357 578084
2358 578195
2359 578563
2360 578712
2361 578993
2362 579001
2363 579313
2364 579962
2365 580601
2366 580656
2367 580952
2368 581013
2369 581446
2370 581575
2371 581706
2372 581865
2373 581933
2374 581956
2375 581956
2376 582035
2377 582227
2378 582228
2379 582345
2380 582398
2381 582435
2382 582650
2383 582743
2384 582812
2385 582852
2386 583014
2387 583087
2388 583567
2389 584245
2390 584712
2391 585982
2392 586084
2393 586178
2394 586309
2395 586596
2396 586897
2397 586961
2398 587444
2399 587539
2400 587627
2401 587901
2402 587930
2403 587998
2404 588143
2405 588324
2406 588436
2407 588670
2408 589500
2409 589770
2410 589956
2411 590040
2412 590062
2413 590958
2414 590967
2415 591453
2416 591847
2417 591860
2418 592426
2419 592530
2420 593260
2421 593438
2422 593921
2423 594552
2424 594741
2425 595055
2426 595164
2427 595189
2428 595441
2429 595508
2430 595874
2431 596040
2432 596344
2433 597795
2434 597969
2435 597970
2436 597973
2437 598644
2438 598942
2439 598953
2440 598986
2441 599061
2442 599357
2443 599376
2444 599428
2445 599570
2446 599828
2447 599953
2448 600516
2449 600592
2450 600710
2451 600843
2452 600895
2453 600928
2454 600944
2455 601103
2456 602177
2457 602190
2458 602861
2459 602914
2460 603070
2461 603082
2462 603761
2463 603933
2464 603965
2465 604055
2466 604270
2467 605236
2468 605510
2469 606285
2470 606312
2471 606670
2472 606717
2473 607076
2474 607381
2475 607815
2476 607847
2477 607899
2478 608053
2479 608076
2480 608202
2481 609165
2482 609238
2483 609267
2484 609467
2485 609539
2486 610520
2487 610716
2488 610751
2489 611698
2490 611835
2491 612135
2492 612547
2493 612586
2494 612661
2495 613177
2496 613691
2497 614355
2498 614984
2499 615451
2500 615458
2501 616095
2502 616366
2503 616395
2504 616789
2505 616994
2506 617087
2507 617165
2508 617324
2509 618016
2510 618065
2511 618132
2512 618282
2513 618465
2514 618518
2515 618659
2516 619140
2517 619249
2518 620928
2519 620934
2520 620946
2521 621209
2522 621385
2523 621766
2524 621913
2525 621977
2526 622255
2527 622575
2528 622798
2529 622807
2530 623285
2531 623517
2532 623630
2533 623698
2534 623732
2535 624287
2536 624357
2537 624483
2538 625011
2539 625186
2540 625248
2541 625285
2542 625493
2543 625515
2544 626054
2545 626123
2546 626144
2547 626334
2548 627225
2549 627229
2550 627858
2551 627908
2552 628317
2553 628591
2554 628737
2555 628837
2556 628841
2557 629142
2558 629502
2559 629722
2560 629747
2561 629772
2562 630128
2563 630640
2564 631436
2565 631545
2566 631753
2567 631757
2568 631772
2569 632135
2570 632492
2571 632627
2572 632777
2573 632823
2574 632898
2575 632926
2576 633128
2577 633232
2578 633287
2579 633379
2580 633528
2581 634405
2582 635105
2583 635240
2584 635406
2585 635592
2586 635826
2587 635987
2588 637411
2589 637875
2590 638164
2591 638496
2592 638612
2593 638843
2594 639065
2595 639092
2596 639099
2597 639113
2598 639381
2599 639550
2600 639712
2601 639805
2602 639892
2603 640215
2604 640431
2605 640598
2606 640767
2607 642312
2608 642334
2609 642782
2610 643249
2611 643280
2612 643577
2613 643792
2614 643834
2615 643980
2616 644225
2617 644461
2618 644530
2619 644954
2620 645249
2621 645923
2622 646171
2623 647001
2624 647039
2625 647045
2626 647318
2627 647452
2628 647481
2629 648231
2630 648269
2631 649197
2632 649229
2633 649324
2634 649603
2635 649696
2636 649847
2637 650068
2638 650095
2639 650162
2640 650418
2641 650483
2642 651216
2643 652284
2644 652754
2645 653039
2646 653280
2647 653310
2648 653549
2649 654522
2650 654702
2651 655230
2652 655570
2653 655673
2654 656248
2655 657831
2656 657870
2657 658111
2658 658141
2659 658935
2660 659001
2661 659109
2662 659248
2663 659332
2664 659360
2665 659571
2666 659582
2667 659728
2668 660150
2669 660517
2670 660523
2671 660823
2672 660894
2673 661756
2674 662124
2675 662147
2676 662198
2677 662205
2678 662733
2679 662737
2680 663065
2681 663258
2682 663428
2683 663569
2684 663662
2685 663795
2686 664028
2687 664092
2688 664165
2689 664583
2690 664751
2691 665080
2692 665464
2693 665591
2694 665601
2695 665620
2696 665923
2697 666567
2698 666592
2699 666775
2700 666872
2701 666899
2702 667026
2703 667121
2704 667151
2705 668179
2706 668427
2707 668539
2708 668697
2709 669894
2710 670219
2711 670707
2712 670832
2713 671023
2714 671076
2715 671252
2716 671568
2717 671612
2718 671959
2719 671986
2720 672313
2721 673018
2722 673547
2723 673830
2724 674377
2725 674488
2726 674509
2727 674704
2728 674825
2729 675336
2730 675416
2731 675503
2732 675704
2733 676222
2734 677173
2735 677223
2736 677435
2737 677451
2738 677469
2739 677530
2740 677783
2741 677856
2742 677862
2743 677900
2744 678577
2745 678721
2746 678853
2747 678956
2748 679343
2749 679438
2750 679834
2751 679866
2752 682194
2753 682205
2754 682617
2755 682784
2756 683017
2757 683939
2758 684635
2759 684921
2760 685470
2761 685884
2762 685956
2763 686082
2764 686491
2765 686892
2766 686934
2767 687141
2768 687344
2769 687454
2770 687499
2771 687755
2772 687778
2773 687962
2774 688041
2775 688220
2776 688339
2777 688404
2778 688736
2779 689252
2780 689605
2781 689748
2782 689874
2783 690065
2784 690148
2785 690245
2786 690900
2787 691182
2788 691404
2789 691884
2790 691900
2791 692160
2792 692227
2793 692502
2794 692564
2795 692646
2796 692685
2797 692894
2798 693444
2799 694352
2800 694878
2801 694960
2802 695070
2803 695211
2804 695263
2805 695445
2806 695448
2807 695707
2808 695713
2809 696447
2810 696466
2811 696508
2812 696851
2813 696902
2814 697475
2815 697764
2816 698031
2817 698653
2818 698853
2819 699050
2820 699082
2821 699154
2822 700105
2823 700398
2824 700604
2825 701085
2826 701395
2827 701864
2828 701970
2829 702147
2830 702348
2831 702397
2832 702542
2833 702646
2834 703132
2835 703266
2836 703505
2837 703662
2838 703696
2839 703888
2840 703994
2841 704531
2842 704757
2843 704881
2844 704938
2845 705381
2846 705500
2847 705615
2848 705646
2849 706210
2850 706267
2851 706293
2852 706312
2853 707319
2854 707320
2855 707321
2856 707409
2857 707509
2858 707736
2859 707815
2860 708099
2861 708304
2862 708323
2863 708425
2864 708722
2865 708870
2866 709097
2867 709545
2868 709705
2869 710527
2870 710587
2871 711493
2872 711948
2873 713300
2874 713769
2875 713854
2876 713872
2877 714507
2878 714513
2879 714527
2880 715026
2881 715065
2882 715140
2883 715224
2884 715546
2885 715686
2886 715979
2887 716135
2888 716638
2889 716791
2890 717987
2891 718159
2892 718614
2893 718686
2894 719142
2895 719392
2896 719495
2897 719555
2898 719569
2899 719830
2900 720190
2901 720403
2902 720668
2903 720727
2904 720818
2905 721020
2906 721021
2907 721319
2908 721608
2909 722446
2910 722872
2911 723001
2912 723082
2913 723138
2914 723199
2915 723211
2916 723435
2917 723573
2918 723686
2919 723844
2920 724483
2921 724545
2922 724653
2923 724709
2924 724732
2925 724803
2926 724975
2927 725142
2928 725189
2929 725503
2930 727287
2931 727840
2932 728352
2933 728419
2934 728884
2935 728940
2936 729102
2937 729264
2938 729349
2939 730178
2940 730752
2941 731436
2942 731477
2943 731773
2944 731924
2945 731939
2946 732330
2947 732839
2948 733128
2949 733175
2950 733678
2951 734027
2952 734078
2953 734187
2954 734424
2955 734903
2956 735291
2957 735298
2958 735363
2959 735884
2960 735981
2961 736079
2962 736476
2963 736833
2964 737551
2965 737609
2966 737925
2967 738045
2968 738539
2969 738949
2970 739252
2971 739879
2972 740328
2973 740898
2974 740922
2975 741218
2976 741669
2977 741722
2978 741819
2979 741826
2980 741955
2981 742052
2982 742128
2983 742178
2984 742887
2985 743146
2986 743467
2987 743687
2988 743862
2989 744306
2990 744668
2991 744673
2992 744699
2993 744772
2994 744953
2995 745001
2996 745013
2997 745204
2998 745436
2999 745663
3000 746557
3001 746838
3002 746843
3003 746911
3004 746928
3005 747830
3006 748058
3007 748089
3008 749070
3009 749417
3010 749488
3011 749912
3012 750131
3013 750197
3014 750496
3015 750757
3016 750768
3017 751114
3018 751218
3019 751341
3020 751389
3021 751625
3022 751968
3023 752777
3024 753197
3025 753254
3026 753836
3027 754339
3028 754417
3029 756098
3030 756405
3031 756446
3032 756889
3033 757146
3034 757254
3035 757351
3036 757776
3037 757835
3038 758155
3039 758275
3040 758279
3041 758343
3042 758427
3043 758757
3044 758820
3045 759087
3046 759418
3047 759796
3048 759802
3049 759904
3050 760604
3051 760633
3052 760895
3053 761409
3054 761581
3055 761800
3056 762355
3057 762515
3058 762550
3059 764441
3060 764618
3061 764864
3062 765304
3063 765579
3064 765663
3065 765781
3066 766354
3067 766771
3068 767489
3069 767628
3070 768114
3071 768174
3072 768349
3073 768420
3074 768424
3075 768472
3076 768850
3077 768947
3078 769009
3079 769527
3080 770373
3081 770653
3082 771105
3083 771477
3084 772760
3085 772968
3086 773249
3087 773259
3088 773500
3089 773747
3090 773883
3091 774124
3092 774541
3093 775044
3094 775319
3095 775381
3096 775672
3097 775966
3098 776153
3099 776349
3100 776449
3101 776457
3102 776679
3103 776707
3104 777037
3105 777365
3106 777404
3107 777678
3108 777949
3109 778092
3110 778148
3111 778296
3112 778516
3113 778864
3114 778921
3115 778973
3116 779133
3117 779178
3118 779259
3119 779306
3120 779374
3121 779408
3122 779973
3123 780033
3124 780213
3125 780923
3126 780986
3127 781055
3128 781103
3129 781440
3130 781440
3131 781493
3132 782161
3133 782299
3134 782507
3135 783435
3136 783779
3137 783826
3138 784197
3139 784372
3140 785025
3141 785055
3142 785373
3143 785504
3144 785916
3145 786004
3146 786173
3147 786435
3148 786974
3149 787115
3150 787341
3151 787485
3152 789044
3153 789609
3154 789831
3155 789909
3156 790105
3157 790382
3158 791340
3159 791708
3160 791915
3161 792048
3162 792086
3163 792698
3164 792763
3165 793095
3166 793250
3167 794038
3168 794982
3169 795030
3170 795464
3171 795520
3172 795521
3173 795789
3174 796528
3175 796747
3176 797189
3177 797207
3178 797261
3179 797819
3180 798212
3181 798461
3182 798584
3183 798635
3184 799219
3185 799320
3186 799337
3187 799363
3188 800234
3189 800272
3190 800681
3191 800734
3192 801077
3193 801096
3194 801446
3195 801826
3196 801992
3197 802604
3198 803332
3199 803642
3200 803962
3201 804178
3202 804209
3203 804382
3204 804735
3205 804773
3206 805171
3207 805229
3208 805251
3209 805386
3210 805902
3211 805978
3212 806002
3213 806312
3214 806588
3215 807228
3216 807266
3217 807527
3218 808260
3219 808631
3220 808705
3221 808838
3222 808904
3223 809424
3224 809550
3225 810489
3226 810572
3227 810715
3228 810768
3229 810811
3230 810869
3231 811086
3232 811783
3233 811890
3234 812053
3235 812268
3236 812294
3237 812446
3238 812606
3239 812868
3240 813054
3241 813094
3242 813449
3243 813943
3244 814169
3245 814224
3246 814406
3247 814498
3248 814718
3249 815144
3250 815196
3251 815556
3252 816037
3253 816164
3254 816406
3255 816626
3256 816802
3257 817857
3258 817937
3259 817989
3260 817995
3261 818007
3262 818210
3263 818413
3264 819665
3265 819686
3266 820205
3267 820217
3268 820384
3269 820557
3270 820773
3271 821055
3272 821079
3273 821128
3274 821269
3275 821531
3276 821963
3277 822181
3278 822454
3279 822908
3280 823091
3281 823329
3282 824838
3283 825470
3284 825593
3285 825673
3286 825768
3287 826774
3288 827279
3289 827467
3290 827544
3291 827552
3292 827846
3293 828036
3294 828091
3295 828292
3296 828317
3297 829073
3298 829112
3299 829559
3300 829693
3301 829824
3302 830044
3303 830600
3304 830733
3305 830903
3306 831600
3307 831621
3308 831753
3309 832026
3310 832066
3311 832259
3312 832281
3313 832458
3314 832474
3315 832622
3316 832768
3317 832877
3318 832878
3319 832972
3320 833182
3321 833319
3322 833482
3323 833779
3324 834098
3325 834450
3326 834575
3327 834720
3328 834881
3329 835247
3330 835618
3331 835792
3332 835826
3333 836482
3334 837426
3335 837587
3336 837979
3337 838030
3338 838171
3339 838315
3340 838396
3341 838569
3342 838732
3343 838777
3344 838815
3345 838820
3346 838961
3347 839271
3348 839982
3349 840330
3350 840568
3351 840618
3352 840706
3353 840834
3354 841614
3355 841622
3356 841693
3357 842277
3358 842357
3359 842783
3360 842826
3361 843044
3362 843549
3363 843580
3364 843592
3365 843737
3366 844366
3367 844685
3368 845247
3369 845384
3370 845761
3371 846084
3372 846290
3373 846379
3374 846382
3375 846559
3376 846676
3377 847046
3378 847207
3379 847278
3380 847583
3381 847619
3382 847803
3383 847987
3384 848483
3385 848516
3386 848694
3387 848709
3388 848734
3389 848746
3390 848983
3391 849147
3392 849361
3393 849432
3394 849628
3395 849912
3396 850170
3397 850192
3398 850351
3399 850620
3400 850693
3401 850999
3402 851181
3403 851276
3404 851279
3405 852007
3406 852243
3407 852504
3408 852882
3409 852941
3410 853166
3411 853319
3412 853722
3413 854014
3414 854520
3415 854537
3416 854547
3417 854565
3418 854576
3419 854630
3420 855202
3421 855245
3422 855571
3423 855639
3424 856214
3425 856495
3426 856748
3427 856879
3428 856960
3429 857543
3430 857552
3431 857851
3432 858035
3433 858087
3434 858099
3435 858263
3436 860480
3437 861264
3438 861400
3439 861552
3440 861759
3441 862023
3442 862711
3443 862962
3444 863214
3445 863232
3446 863270
3447 863333
3448 863804
3449 864245
3450 864529
3451 864616
3452 864665
3453 864882
3454 864994
3455 865239
3456 865428
3457 865724
3458 866218
3459 866492
3460 866582
3461 867629
3462 867964
3463 868320
3464 868526
3465 868568
3466 868756
3467 868768
3468 869178
3469 869301
3470 869577
3471 869625
3472 869866
3473 869874
3474 870237
3475 870513
3476 870524
3477 870931
3478 871279
3479 871288
3480 871357
3481 872641
3482 872687
3483 872938
3484 872985
3485 873107
3486 873160
3487 873542
3488 873567
3489 873673
3490 873852
3491 874431
3492 874519
3493 874620
3494 874829
3495 874941
3496 875207
3497 875545
3498 875815
3499 875864
3500 876035
3501 876416
3502 876527
3503 876579
3504 877020
3505 877062
3506 877283
3507 877451
3508 877891
3509 877973
3510 877995
3511 878491
3512 878772
3513 878794
3514 878983
3515 879428
3516 879540
3517 879777
3518 879918
3519 880582
3520 880973
3521 881249
3522 881465
3523 881493
3524 881529
3525 881873
3526 881990
3527 882167
3528 882532
3529 882795
3530 882850
3531 883183
3532 883468
3533 883544
3534 883699
3535 884666
3536 884689
3537 884789
3538 885252
3539 885600
3540 885867
3541 885933
3542 886553
3543 886594
3544 886819
3545 887108
3546 887541
3547 887637
3548 887684
3549 888809
3550 888919
3551 888962
3552 888998
3553 889114
3554 889268
3555 889370
3556 889492
3557 889937
3558 890187
3559 890558
3560 891053
3561 891056
3562 891202
3563 891470
3564 892188
3565 892191
3566 892207
3567 892476
3568 892536
3569 892568
3570 892746
3571 892949
3572 893633
3573 893771
3574 893825
3575 894152
3576 894156
3577 894276
3578 894710
3579 894972
3580 894989
3581 895046
3582 895052
3583 895366
3584 895405
3585 895522
3586 895634
3587 896266
3588 896490
3589 896513
3590 896606
3591 896763
3592 896967
3593 897114
3594 897168
3595 897326
3596 898180
3597 898324
3598 898524
3599 899015
3600 899887
3601 899934
3602 901010
3603 901097
3604 901301
3605 901330
3606 901516
3607 901565
3608 901699
3609 901873
3610 901919
3611 902141
3612 902200
3613 902248
3614 902258
3615 902274
3616 902739
3617 903325
3618 903608
3619 903833
3620 903960
3621 904122
3622 904701
3623 904933
3624 905319
3625 905389
3626 906690
3627 906741
3628 906775
3629 906775
3630 906972
3631 908201
3632 908306
3633 908671
3634 908702
3635 908866
3636 908924
3637 909514
3638 910328
3639 910352
3640 911349
3641 912182
3642 912341
3643 912717
3644 912871
3645 913246
3646 913797
3647 913799
3648 914111
3649 914218
3650 914341
3651 915613
3652 916026
3653 916103
3654 916294
3655 916678
3656 917345
3657 917675
3658 917854
3659 917949
3660 918359
3661 918580
3662 918997
3663 919178
3664 919390
3665 919425
3666 919425
3667 919871
3668 919884
3669 920325
3670 920472
3671 920728
3672 921279
3673 922003
3674 922012
3675 922051
3676 922149
3677 922212
3678 922233
3679 922428
3680 922966
3681 922994
3682 923145
3683 923330
3684 923781
3685 924248
3686 924581
3687 924657
3688 924965
3689 924977
3690 925127
3691 925345
3692 925352
3693 925367
3694 925459
3695 925556
3696 925898
3697 926284
3698 926335
3699 927368
3700 927391
3701 927395
3702 927631
3703 927975
3704 929175
3705 929368
3706 929568
3707 929627
3708 929669
3709 929801
3710 929945
3711 930223
3712 930325
3713 930517
3714 930626
3715 930809
3716 930942
3717 931717
3718 931803
3719 932034
3720 932552
3721 933187
3722 933326
3723 933572
3724 934109
3725 934644
3726 935241
3727 935289
3728 935466
3729 935636
3730 935762
3731 936143
3732 936144
3733 936164
3734 936308
3735 936381
3736 936489
3737 936679
3738 936707
3739 936971
3740 937377
3741 937601
3742 938101
3743 938122
3744 938502
3745 938663
3746 938832
3747 938887
3748 939163
3749 939250
3750 939515
3751 939535
3752 939614
3753 940109
3754 940180
3755 941037
3756 941416
3757 941562
3758 941576
3759 941870
3760 941987
3761 942169
3762 942253
3763 942703
3764 942728
3765 943221
3766 943519
3767 943615
3768 943679
3769 943834
3770 944083
3771 944787
3772 944867
3773 945170
3774 945402
3775 945558
3776 945706
3777 945826
3778 945835
3779 946298
3780 946481
3781 947472
3782 947968
3783 948206
3784 948297
3785 948669
3786 949043
3787 949361
3788 949638
3789 949759
3790 950003
3791 950019
3792 950188
3793 950503
3794 950548
3795 950691
3796 950797
3797 951235
3798 951571
3799 951740
3800 951830
3801 952259
3802 952819
3803 953052
3804 953321
3805 953765
3806 953797
3807 953937
3808 954702
3809 954777
3810 954936
3811 955160
3812 955199
3813 955566
3814 955605
3815 955878
3816 956125
3817 956135
3818 956614
3819 956918
3820 957329
3821 957460
3822 957915
3823 958708
3824 958872
3825 959036
3826 959343
3827 959351
3828 960662
3829 960724
3830 960732
3831 960795
3832 960928
3833 960979
3834 961061
3835 961311
3836 961314
3837 961367
3838 961650
3839 962580
3840 962710
3841 962805
3842 962828
3843 962967
3844 963028
3845 963853
3846 964378
3847 964778
3848 964884
3849 965517
3850 965524
3851 965665
3852 965736
3853 965892
3854 966010
3855 966482
3856 967214
3857 967308
3858 967407
3859 967539
3860 967663
3861 967741
3862 967766
3863 968572
3864 968993
3865 969283
3866 969368
3867 969393
3868 969411
3869 969837
3870 970321
3871 970786
3872 971878
3873 972064
3874 972113
3875 972216
3876 972238
3877 972349
3878 972565
3879 972700
3880 972917
3881 973416
3882 973540
3883 973793
3884 973921
3885 974289
3886 974334
3887 974370
3888 974882
3889 974980
3890 975139
3891 975685
3892 975931
3893 976010
3894 976210
3895 976225
3896 976307
3897 976451
3898 976639
3899 976768
3900 976867
3901 976892
3902 976961
3903 976964
3904 977186
3905 977373
3906 977768
3907 977828
3908 977829
3909 978072
3910 978165
3911 978225
3912 978771
3913 979453
3914 979514
3915 980234
3916 980315
3917 980540
3918 980697
3919 980899
3920 981176
3921 981256
3922 981284
3923 981308
3924 981487
3925 981799
3926 981929
3927 982299
3928 982393
3929 982510
3930 982645
3931 982962
3932 983023
3933 983214
3934 983270
3935 983582
3936 983669
3937 983739
3938 984483
3939 984629
3940 984711
3941 985111
3942 985572
3943 985772
3944 985887
3945 986055
3946 986440
3947 986598
3948 986614
3949 986974
3950 987115
3951 987331
3952 987773
3953 987796
3954 988235
3955 988789
3956 988993
3957 989102
3958 989456
3959 990019
3960 990572
3961 990822
3962 991442
3963 991616
3964 991672
3965 991735
3966 991760
3967 991777
3968 992216
3969 993093
3970 993793
3971 993861
3972 993905
3973 994482
3974 995033
3975 995297
3976 995482
3977 995788
3978 996316
3979 996382
3980 996465
3981 996525
3982 996699
3983 996855
3984 996960
3985 997057
3986 997096
3987 997175
3988 997289
3989 997599
3990 997806
3991 998029
3992 998035
3993 998113
3994 998221
3995 998395
3996 998488
3997 998599
3998 998826
3999 999119
